2003.01.06 15:10 B E:\oatn\discoveringvb\annotate.gif <-- Ipswitch /discoveringvb annotate.gif
2003.01.06 15:10 B E:\oatn\discoveringvb\assignments.gif <-- Ipswitch /discoveringvb assignments.gif
2003.01.06 15:10 B E:\oatn\discoveringvb\branch_repeat.html <-- Ipswitch /discoveringvb branch_repeat.html
2003.01.06 15:10 B E:\oatn\discoveringvb\combo.gif <-- Ipswitch /discoveringvb combo.gif
2003.01.06 15:10 B E:\oatn\discoveringvb\commline.gif <-- Ipswitch /discoveringvb commline.gif
2003.01.06 15:10 B E:\oatn\discoveringvb\council.htm <-- Ipswitch /discoveringvb council.htm
2003.01.06 15:10 B E:\oatn\discoveringvb\create_app.html <-- Ipswitch /discoveringvb create_app.html
2003.01.06 15:10 B E:\oatn\discoveringvb\cross.gif <-- Ipswitch /discoveringvb cross.gif
2003.01.06 15:10 B E:\oatn\discoveringvb\data_struct.html <-- Ipswitch /discoveringvb data_struct.html
2003.01.06 15:10 B E:\oatn\discoveringvb\defrag.gif <-- Ipswitch /discoveringvb defrag.gif
2003.01.06 15:10 B E:\oatn\discoveringvb\down.gif <-- Ipswitch /discoveringvb down.gif
2003.01.06 15:10 B E:\oatn\discoveringvb\download.gif <-- Ipswitch /discoveringvb download.gif
2003.01.06 15:10 B E:\oatn\discoveringvb\dvbhome.html <-- Ipswitch /discoveringvb dvbhome.html
2003.01.06 15:10 B E:\oatn\discoveringvb\ent_dat.html <-- Ipswitch /discoveringvb ent_dat.html
2003.01.06 15:10 B E:\oatn\discoveringvb\error_trapping.html <-- Ipswitch /discoveringvb error_trapping.html
2003.01.06 15:10 B E:\oatn\discoveringvb\functions.html <-- Ipswitch /discoveringvb functions.html
2003.01.06 15:10 B E:\oatn\discoveringvb\graph01.gif <-- Ipswitch /discoveringvb graph01.gif
2003.01.06 15:10 B E:\oatn\discoveringvb\home[1].txt <-- Ipswitch /discoveringvb home[1].txt
2003.01.06 15:10 B E:\oatn\discoveringvb\id_pass.gif <-- Ipswitch /discoveringvb id_pass.gif
2003.01.06 15:10 B E:\oatn\discoveringvb\internet.gif <-- Ipswitch /discoveringvb internet.gif
2003.01.06 15:10 B E:\oatn\discoveringvb\kprog copy.gif <-- Ipswitch /discoveringvb kprog copy.gif
2003.01.06 15:10 B E:\oatn\discoveringvb\kprog.bmp <-- Ipswitch /discoveringvb kprog.bmp
2003.01.06 15:10 B E:\oatn\discoveringvb\kprog.jpg <-- Ipswitch /discoveringvb kprog.jpg
2003.01.06 15:10 B E:\oatn\discoveringvb\left.gif <-- Ipswitch /discoveringvb left.gif
2003.01.06 15:10 B E:\oatn\discoveringvb\line_rainbow.gif <-- Ipswitch /discoveringvb line_rainbow.gif
2003.01.06 15:10 B E:\oatn\discoveringvb\list_box.gif <-- Ipswitch /discoveringvb list_box.gif
2003.01.06 15:10 B E:\oatn\discoveringvb\mci.gif <-- Ipswitch /discoveringvb mci.gif
2003.01.06 15:10 B E:\oatn\discoveringvb\menu_1.gif <-- Ipswitch /discoveringvb menu_1.gif
2003.01.06 15:10 B E:\oatn\discoveringvb\menu_2.gif <-- Ipswitch /discoveringvb menu_2.gif
2003.01.06 15:10 B E:\oatn\discoveringvb\menus.html <-- Ipswitch /discoveringvb menus.html
2003.01.06 15:10 B E:\oatn\discoveringvb\nav_animation.gif <-- Ipswitch /discoveringvb nav_animation.gif
2003.01.06 15:10 B E:\oatn\discoveringvb\new.gif <-- Ipswitch /discoveringvb new.gif
2003.01.06 15:10 B E:\oatn\discoveringvb\notes.gif <-- Ipswitch /discoveringvb notes.gif
2003.01.06 15:10 B E:\oatn\discoveringvb\open.gif <-- Ipswitch /discoveringvb open.gif
2003.01.06 15:10 B E:\oatn\discoveringvb\pause.gif <-- Ipswitch /discoveringvb pause.gif
2003.01.06 15:10 B E:\oatn\discoveringvb\programming_style.html <-- Ipswitch /discoveringvb programming_style.html
2003.01.06 15:10 B E:\oatn\discoveringvb\Pull down and Popup Menus.htm <-- Ipswitch /discoveringvb Pull down and Popup Menus.htm
2003.01.06 15:10 B E:\oatn\discoveringvb\pulldown.gif <-- Ipswitch /discoveringvb pulldown.gif
2003.01.06 15:10 B E:\oatn\discoveringvb\quiz.gif <-- Ipswitch /discoveringvb quiz.gif
2003.01.06 15:10 B E:\oatn\discoveringvb\reading.gif <-- Ipswitch /discoveringvb reading.gif
2003.01.06 15:10 B E:\oatn\discoveringvb\right.gif <-- Ipswitch /discoveringvb right.gif
2003.01.06 15:10 B E:\oatn\discoveringvb\run.gif <-- Ipswitch /discoveringvb run.gif
2003.01.06 15:10 B E:\oatn\discoveringvb\scope.html <-- Ipswitch /discoveringvb scope.html
2003.01.06 15:10 B E:\oatn\discoveringvb\shapes.gif <-- Ipswitch /discoveringvb shapes.gif
2003.01.06 15:10 B E:\oatn\discoveringvb\snd_card.gif <-- Ipswitch /discoveringvb snd_card.gif
2003.01.06 15:10 B E:\oatn\discoveringvb\space.jpg <-- Ipswitch /discoveringvb space.jpg
2003.01.06 15:10 B E:\oatn\discoveringvb\status_bar.gif <-- Ipswitch /discoveringvb status_bar.gif
2003.01.06 15:10 B E:\oatn\discoveringvb\stop.gif <-- Ipswitch /discoveringvb stop.gif
2003.01.06 15:10 B E:\oatn\discoveringvb\tick.gif <-- Ipswitch /discoveringvb tick.gif
2003.01.06 15:10 B E:\oatn\discoveringvb\timer.gif <-- Ipswitch /discoveringvb timer.gif
2003.01.06 15:10 B E:\oatn\discoveringvb\timer_1.gif <-- Ipswitch /discoveringvb timer_1.gif
2003.01.06 15:10 B E:\oatn\discoveringvb\timer_2.gif <-- Ipswitch /discoveringvb timer_2.gif
2003.01.06 15:10 B E:\oatn\discoveringvb\timer_3.gif <-- Ipswitch /discoveringvb timer_3.gif
2003.01.06 15:10 B E:\oatn\discoveringvb\Timing events in Visual Basic.htm <-- Ipswitch /discoveringvb Timing events in Visual Basic.htm
2003.01.06 15:10 B E:\oatn\discoveringvb\tut1.html <-- Ipswitch /discoveringvb tut1.html
2003.01.06 15:10 B E:\oatn\discoveringvb\tut11.html <-- Ipswitch /discoveringvb tut11.html
2003.01.06 15:11 B E:\oatn\discoveringvb\tut2.html <-- Ipswitch /discoveringvb tut2.html
2003.01.06 15:11 B E:\oatn\discoveringvb\tut3.html <-- Ipswitch /discoveringvb tut3.html
2003.01.06 15:11 B E:\oatn\discoveringvb\tut4.html <-- Ipswitch /discoveringvb tut4.html
2003.01.06 15:11 B E:\oatn\discoveringvb\tut5.html <-- Ipswitch /discoveringvb tut5.html
2003.01.06 15:11 B E:\oatn\discoveringvb\tut6.html <-- Ipswitch /discoveringvb tut6.html
2003.01.06 15:11 B E:\oatn\discoveringvb\tut7.html <-- Ipswitch /discoveringvb tut7.html
2003.01.06 15:11 B E:\oatn\discoveringvb\tut8.html <-- Ipswitch /discoveringvb tut8.html
2003.01.06 15:11 B E:\oatn\discoveringvb\tut8b.html <-- Ipswitch /discoveringvb tut8b.html
2003.01.06 15:11 B E:\oatn\discoveringvb\tut9.html <-- Ipswitch /discoveringvb tut9.html
2003.01.06 15:11 B E:\oatn\discoveringvb\tut_15_1.gif <-- Ipswitch /discoveringvb tut_15_1.gif
2003.01.06 15:11 B E:\oatn\discoveringvb\tut_1_1.gif <-- Ipswitch /discoveringvb tut_1_1.gif
2003.01.06 15:11 B E:\oatn\discoveringvb\tut_1_2.gif <-- Ipswitch /discoveringvb tut_1_2.gif
2003.01.06 15:11 B E:\oatn\discoveringvb\tut_2_1.gif <-- Ipswitch /discoveringvb tut_2_1.gif
2003.01.06 15:11 B E:\oatn\discoveringvb\tut_2_2.gif <-- Ipswitch /discoveringvb tut_2_2.gif
2003.01.06 15:11 B E:\oatn\discoveringvb\tut_2_3.gif <-- Ipswitch /discoveringvb tut_2_3.gif
2003.01.06 15:11 B E:\oatn\discoveringvb\tut_2_4.gif <-- Ipswitch /discoveringvb tut_2_4.gif
2003.01.06 15:11 B E:\oatn\discoveringvb\tut_3_1.gif <-- Ipswitch /discoveringvb tut_3_1.gif
2003.01.06 15:11 B E:\oatn\discoveringvb\tut_3_2.gif <-- Ipswitch /discoveringvb tut_3_2.gif
2003.01.06 15:11 B E:\oatn\discoveringvb\tut_3_3.gif <-- Ipswitch /discoveringvb tut_3_3.gif
2003.01.06 15:11 B E:\oatn\discoveringvb\tut_3_3b.gif <-- Ipswitch /discoveringvb tut_3_3b.gif
2003.01.06 15:11 B E:\oatn\discoveringvb\tut_3_4.gif <-- Ipswitch /discoveringvb tut_3_4.gif
2003.01.06 15:11 B E:\oatn\discoveringvb\tut_3_5.gif <-- Ipswitch /discoveringvb tut_3_5.gif
2003.01.06 15:11 B E:\oatn\discoveringvb\tut_3_6.gif <-- Ipswitch /discoveringvb tut_3_6.gif
2003.01.06 15:11 B E:\oatn\discoveringvb\tut_3_7.gif <-- Ipswitch /discoveringvb tut_3_7.gif
2003.01.06 15:11 B E:\oatn\discoveringvb\tut_4_1.gif <-- Ipswitch /discoveringvb tut_4_1.gif
2003.01.06 15:11 B E:\oatn\discoveringvb\tut_4_2.gif <-- Ipswitch /discoveringvb tut_4_2.gif
2003.01.06 15:11 B E:\oatn\discoveringvb\tut_4_3.gif <-- Ipswitch /discoveringvb tut_4_3.gif
2003.01.06 15:11 B E:\oatn\discoveringvb\tut_4_4.gif <-- Ipswitch /discoveringvb tut_4_4.gif
2003.01.06 15:11 B E:\oatn\discoveringvb\tut_4_5.gif <-- Ipswitch /discoveringvb tut_4_5.gif
2003.01.06 15:11 B E:\oatn\discoveringvb\tut_5_1.gif <-- Ipswitch /discoveringvb tut_5_1.gif
2003.01.06 15:11 B E:\oatn\discoveringvb\tut_6_1.gif <-- Ipswitch /discoveringvb tut_6_1.gif
2003.01.06 15:11 B E:\oatn\discoveringvb\tut_6_2.gif <-- Ipswitch /discoveringvb tut_6_2.gif
2003.01.06 15:11 B E:\oatn\discoveringvb\tut_6_3.gif <-- Ipswitch /discoveringvb tut_6_3.gif
2003.01.06 15:11 B E:\oatn\discoveringvb\tut_7_1.gif <-- Ipswitch /discoveringvb tut_7_1.gif
2003.01.06 15:11 B E:\oatn\discoveringvb\tut_7_2.gif <-- Ipswitch /discoveringvb tut_7_2.gif
2003.01.06 15:12 B E:\oatn\discoveringvb\tut_8_1.gif <-- Ipswitch /discoveringvb tut_8_1.gif
2003.01.06 15:13 B E:\oatn\discoveringvb\tut_8b_1.gif <-- Ipswitch /discoveringvb tut_8b_1.gif
2003.01.06 15:13 B E:\oatn\discoveringvb\tut_8b_2.gif <-- Ipswitch /discoveringvb tut_8b_2.gif
2003.01.06 15:13 B E:\oatn\discoveringvb\Tutorial 3.htm <-- Ipswitch /discoveringvb Tutorial 3.htm
2003.01.06 15:13 B E:\oatn\discoveringvb\tutorial.gif <-- Ipswitch /discoveringvb tutorial.gif
2003.01.06 15:13 B E:\oatn\discoveringvb\up.gif <-- Ipswitch /discoveringvb up.gif
2003.01.06 15:13 B E:\oatn\discoveringvb\user_info.htm <-- Ipswitch /discoveringvb user_info.htm
2003.01.06 15:13 B E:\oatn\discoveringvb\usingtimer.html <-- Ipswitch /discoveringvb usingtimer.html
2003.01.06 15:13 B E:\oatn\discoveringvb\vb_env_0.gif <-- Ipswitch /discoveringvb vb_env_0.gif
2003.01.06 15:13 B E:\oatn\discoveringvb\vb_env_10.gif <-- Ipswitch /discoveringvb vb_env_10.gif
2003.01.06 15:13 B E:\oatn\discoveringvb\vb_env_5.gif <-- Ipswitch /discoveringvb vb_env_5.gif
2003.01.06 15:13 B E:\oatn\discoveringvb\vb_env_6.gif <-- Ipswitch /discoveringvb vb_env_6.gif
2003.01.06 15:13 B E:\oatn\discoveringvb\vb_env_8.gif <-- Ipswitch /discoveringvb vb_env_8.gif
2003.01.06 15:13 B E:\oatn\discoveringvb\vb_env_9.gif <-- Ipswitch /discoveringvb vb_env_9.gif
2003.01.06 15:13 B E:\oatn\discoveringvb\vb_fun_1.gif <-- Ipswitch /discoveringvb vb_fun_1.gif
2003.01.06 15:13 B E:\oatn\discoveringvb\vb_logo.gif <-- Ipswitch /discoveringvb vb_logo.gif
2003.01.06 15:13 B E:\oatn\discoveringvb\view_code.gif <-- Ipswitch /discoveringvb view_code.gif
